{"numTotalTestSuites":7,"numPassedTestSuites":4,"numFailedTestSuites":3,"numPendingTestSuites":0,"numTotalTests":5,"numPassedTests":0,"numFailedTests":1,"numPendingTests":4,"numTodoTests":0,"snapshot":{"added":0,"failure":false,"filesAdded":0,"filesRemoved":0,"filesRemovedList":[],"filesUnmatched":0,"filesUpdated":0,"matched":0,"total":0,"unchecked":0,"uncheckedKeysByFile":[],"unmatched":0,"updated":0,"didUpdate":false},"startTime":1789151390688,"success":false,"testResults":[{"assertionResults":[{"ancestorTitles":["Phase 4 Verification: 2-3 Minute Pilot Film Production & Review Dashboard","1. Pilot Film 2-3 Minute Script Validation"],"fullName":"Phase 4 Verification: 2-3 Minute Pilot Film Production & Review Dashboard 1. Pilot Film 2-3 Minute Script Validation parses and validates the 32-shot 144-second (2m 24s) pilot script","status":"skipped","title":"parses and validates the 32-shot 144-second (2m 24s) pilot script","failureMessages":[],"meta":{},"tags":[]},{"ancestorTitles":["Phase 4 Verification: 2-3 Minute Pilot Film Production & Review Dashboard","2. Master Timeline Zero-Drift Synchronization on 2-3 Minute Film"],"fullName":"Phase 4 Verification: 2-3 Minute Pilot Film Production & Review Dashboard 2. Master Timeline Zero-Drift Synchronization on 2-3 Minute Film guarantees sample-accurate alignment between video track and dialogue track across 144s","status":"skipped","title":"guarantees sample-accurate alignment between video track and dialogue track across 144s","failureMessages":[],"meta":{},"tags":[]},{"ancestorTitles":["Phase 4 Verification: 2-3 Minute Pilot Film Production & Review Dashboard","3. End-to-End Production & Story Bible Canon Delta Commit"],"fullName":"Phase 4 Verification: 2-3 Minute Pilot Film Production & Review Dashboard 3. End-to-End Production & Story Bible Canon Delta Commit produces the 2-3 minute film, records all 32 shots in SQLite, and commits Canon Delta","status":"failed","title":"produces the 2-3 minute film, records all 32 shots in SQLite, and commits Canon Delta","duration":1077.6136999999999,"failureMessages":["AssertionError: expected 45 to be 32 // Object.is equality\n    at D:/Users/Documents/Project/Create_Video/Auto-Create-Video/src/series/phase4-pilot-film.test.ts:225:31\n    at file:///D:/Users/Documents/Project/Create_Video/Auto-Create-Video/node_modules/@vitest/runner/dist/chunk-artifact.js:1903:20"],"meta":{},"tags":[]},{"ancestorTitles":["Phase 4 Verification: 2-3 Minute Pilot Film Production & Review Dashboard","4. Series Review Server & Take Approval Verification"],"fullName":"Phase 4 Verification: 2-3 Minute Pilot Film Production & Review Dashboard 4. Series Review Server & Take Approval Verification hosts the review dashboard, lists takes, and allows approving takes via API","status":"skipped","title":"hosts the review dashboard, lists takes, and allows approving takes via API","failureMessages":[],"meta":{},"tags":[]},{"ancestorTitles":["Phase 4 Verification: 2-3 Minute Pilot Film Production & Review Dashboard","5. Checkpoint Resume, Single-Shot Reroll & Remux on 2-3 Minute Film"],"fullName":"Phase 4 Verification: 2-3 Minute Pilot Film Production & Review Dashboard 5. Checkpoint Resume, Single-Shot Reroll & Remux on 2-3 Minute Film supports rerolling an individual shot and remuxing the 2-3 minute film without regenerating other shots","status":"skipped","title":"supports rerolling an individual shot and remuxing the 2-3 minute film without regenerating other shots","failureMessages":[],"meta":{},"tags":[]}],"startTime":1789151391573,"endTime":1789151392650.6138,"status":"failed","message":"","name":"D:/Users/Documents/Project/Create_Video/Auto-Create-Video/src/series/phase4-pilot-film.test.ts"}]}